  0.83939050952825656        3.5304966350703966E-002  -5.0950392738629210E-002   1.2826710919223921E-002
   2.3761602907435817E-002   2.8896866986870860E-002   3.2159383570092848E-002  -6.0951401137300061E-003
   2.5627976661852660E-002  -6.0976421999146067E-002   1.6356977798222355E-002   2.2148780309950010E-002
   2.4184709619423515E-002   4.1864336639889678E-002  -1.4280862235407853E-002  -1.3824404472947921E-002
   5.3979425450321618E-002  -9.8658038486808459E-004  -4.1759712139921579E-002   7.8239917645262710E-003
   2.6088464138715094E-002  -3.4055990762845620E-003  -5.7192068720273628E-003  -3.5934886504549207E-002
   2.9123369718490184E-002   1.3057757578557318E-002  -1.7298316376500440E-002   3.4195236680920539E-002
   2.0131810971751166E-002  -3.2953085124245296E-004   2.8451596771521879E-003  -2.3205707906424084E-003
   9.0957827671458956E-003  -2.1977461590930295E-003  -8.0471318206148008E-003   1.6960081714486597E-003
  0.25902978650053848        1.6188682846739688E-002  0.17219009598590215       -7.4929193817965339E-002
   9.2264577721387301E-003   4.3125305914266512E-002   4.7024382500435502E-002  -2.9917549721239153E-002
   2.6760581414102980E-002  -8.8476831767747802E-002   4.1924453834078994E-002  -1.4863611257506647E-002
   2.9557150745282909E-002   3.2968869909376419E-002   2.7344434177767888E-002   1.5931009434191075E-002
   2.9842653214308134E-002   1.7995512004067862E-002  -7.0963927467537435E-002   1.8963300437491191E-002
  -6.4324736108492351E-003   1.7669008541415839E-002  -3.7398135821514302E-003  -3.0048808558618849E-002
  -1.0415382294122949E-002   4.1435317526300683E-003  -3.3035213119571960E-003  -1.5968943118231267E-003
  -1.4899566204371523E-002  -1.2169036614958492E-002  -3.7085650092308861E-003  -8.1151742831554446E-003
  -6.5550453273262978E-003   1.1542700421331605E-002   7.9950259310978111E-003   1.1943692999446087E-002
  0.25660549095276097      -0.13811640497724867       0.15641698416300401      -0.11136686131229577     
  -8.1947883498749343E-003   5.9063060221288974E-002   4.6398592945090054E-003  -8.6654924667642769E-003
   1.8716128886532929E-002  -6.3825034316804391E-002   3.2377265328418413E-002  -7.4758905887556182E-002
   2.2176066929424247E-002  -1.4772550054986429E-002   3.4148811269160285E-002   3.0128614810011802E-003
  -1.2016148592396202E-002   2.2736613803565776E-002  -1.3849965509857957E-002   8.8610434634497446E-003
  -2.0648938518911236E-002   1.0517503866201983E-002   3.9847152615391773E-003   1.5334836504288997E-002
  -2.0150238477200991E-002   2.6598309038328377E-003  -5.7211829014845450E-003  -3.1047082776175520E-002
  -8.6941275006844343E-003  -2.9882758876041107E-003  -1.9627916190747647E-003   4.0879756674177821E-004
  -3.4567080118215483E-003   1.1199092456119494E-005   5.6524523255600074E-003  -7.5780990274918109E-004
  0.22467163452793903      -0.20149696506731174       0.15045397803288113        3.1326596310433719E-002
  -7.3467903203793174E-003   3.2689771486667178E-002   1.2095223706056508E-003   1.1756042797587345E-002
   1.2513217146078909E-002  -5.6498281161701793E-003   1.5678842888517199E-002  -6.2546961999401671E-002
   8.4070323332869189E-003  -3.0283806049660383E-002   2.1658129366188147E-002  -2.2295694094208871E-002
  -1.8529724621509633E-002   8.5404931637795035E-003   1.6670882021858870E-002   5.7663527624217652E-003
  -8.4809341788082866E-003  -1.0619875589172887E-002   1.2156323642322060E-002   2.0613747637371189E-002
  -7.3087758468072493E-003  -8.6274245264139331E-003   5.1387107803451283E-003  -1.3262577477129871E-002
  -1.5475815989164175E-003   2.8200812001576811E-003  -2.3968648364946334E-003   7.5272249963636382E-003
  -1.3318862933253258E-003  -3.1429857354114510E-003  -1.3301983548474846E-003  -6.9697380804183400E-003
  0.21559454743557066      -0.10157413553005830        2.2808262370657275E-002   5.4502370946504140E-002
  -2.1119592844872676E-003  -1.1575586282386358E-002   2.4813037510847320E-003   1.3397931679521448E-002
   6.9882651722761842E-003   9.7931742572283844E-003  -9.3099487819832821E-003  -1.0383666021093153E-002
  -1.1994311178914691E-003  -9.3161118222779560E-003   1.1829378647120524E-003  -1.2943594211924541E-002
  -4.0748175943324102E-003   2.5122429998277883E-003   1.9713938847106496E-002  -4.6371628644315266E-003
   3.6328349150268507E-004  -5.4976534480614681E-003  -2.6007313506004669E-003   5.0470336388711637E-003
   9.9638482274168935E-004  -2.3692102908618772E-003   7.4720939748750322E-003  -1.3685518530579855E-003
   8.1748132826298776E-004   3.6709952114993907E-003   2.6552460159018913E-003   3.1899425720425746E-003
   5.0891827555668643E-004  -1.6278238435985986E-003  -5.2837392165422912E-004  -1.0347333215911013E-003
  0.17978887353926451       -1.8605496567360214E-002  -1.2519493193616808E-002   3.5235088555374952E-002
   8.0825768305363757E-004  -7.0549313177440121E-003   1.5090953660957087E-003   4.8509335995079884E-003
   1.0690291853416322E-003   1.0845125560563175E-002  -3.3932041960970756E-003   2.1803646361825187E-003
  -2.0425739847763007E-003  -2.2321983205681188E-003  -1.5093103109345629E-003  -7.9799417386552645E-003
  -2.8820634102139645E-004  -1.8529030686793414E-003   6.9470410062490986E-003  -1.0650278282886201E-003
   2.9719644220337726E-003  -5.1469469854865738E-003   5.3708149365526566E-004   4.5399363091780853E-004
   3.1394618934518594E-003  -2.5267851015491121E-003   3.7431859630196701E-003   3.9249853726217752E-003
   1.5820187760341791E-003   1.6926264797374245E-003   4.9287512431606811E-004   2.0640293233001750E-003
   5.3722268343761386E-004  -7.1775169610183165E-004  -1.4112998262182964E-003  -1.0476329357690215E-003
  0.10990416433642941       0.13273857536877084      -0.13656556324701005       -2.0265038706748537E-002
   1.7892063155147504E-003  -8.9923660091782032E-003  -4.7547414075483335E-003  -8.3323055219213550E-003
  -8.6302400569496264E-003   1.1525176553283140E-003  -6.0881199110320323E-003   2.9296184216092824E-002
  -3.9189789711542369E-003   1.3112488004693610E-002  -1.1808314064519545E-002   1.7917460727810433E-002
   7.3047028075611843E-003  -6.1815984937545259E-003  -1.3029227473255318E-002  -7.8430391361505544E-004
   2.6722090907344937E-003   7.4715697942856285E-003  -2.8756352902403110E-003  -9.0186826471941178E-003
   2.0560108199447107E-003   4.8265039219780662E-003  -6.6769248709471051E-003   5.5817470317931174E-003
   2.9473331380253190E-004  -2.9688612707929759E-003  -5.2889179849428857E-004  -5.1767185223996924E-003
   3.1257310194713364E-004   1.8646255786079087E-003   7.3770329923228666E-004   2.9769801013591764E-003
   8.8862695517088308E-002  -6.2984375008349594E-002  -6.2609987244841167E-002   8.0860690712221586E-002
  -8.1484018643213346E-003  -2.6267718461091612E-002  -1.3324035743484171E-002   1.8288542913356829E-002
  -5.8990396350517057E-003   3.9929123789919675E-002  -2.2925527888493939E-002  -4.4617147821944867E-004
  -1.2567778867451303E-002  -1.9992574286329275E-002  -7.6865024302574716E-003  -4.5417292237888351E-003
  -1.6053927019163583E-002  -5.4855813985363287E-003   3.3404120063981448E-002  -8.3356196717340268E-003
  -1.2553424094670612E-003  -5.7940018412151817E-003   8.9784533038487612E-004   1.2485173508064542E-002
  -8.3264377336369133E-004  -4.7582073015524882E-003   7.2918744373154489E-003  -2.5308995844833056E-003
  -8.1860979931548089E-005   3.8461205429923787E-003   1.3207525415841015E-003   2.3659215314315108E-003
  -1.0657831000807917E-004  -2.0145398808992382E-003  -7.9913661226212044E-004  -2.6205813168545017E-003
